<?xml version="1.0" encoding="UTF-8"?>
<!-- Generated by org.testng.reporters.JUnitXMLReporter -->
<testsuite ignored="0" hostname="LAPTOP-SQBD1KF4" failures="0" tests="3" name="Default test" time="44.927" errors="0" timestamp="2023-01-14T11:31:37 IST">
  <testcase classname="TestCases.ParallelTest" name="test" time="25.523"/>
  <testcase classname="TestCases.ParallelTest" name="test2" time="8.988"/>
  <testcase classname="TestCases.ParallelTest" name="test3" time="10.383"/>
</testsuite> <!-- Default test -->
