<?xml version="1.0" encoding="UTF-8"?>
<!-- Generated by org.testng.reporters.JUnitXMLReporter -->
<testsuite ignored="1" hostname="LAPTOP-SQBD1KF4" failures="0" tests="1" name="Test(failed)(failed)" time="8.203" errors="0" timestamp="2023-01-06T12:01:53 IST">
  <testcase classname="TestCases.InventoryPageTest" name="addProductTest" time="4.398"/>
  <testcase classname="TestCases.InventoryPageTest" name="verifyProductsLogoTest" time="0.0">
    <ignored/>
  </testcase> <!-- verifyProductsLogoTest -->
</testsuite> <!-- Test(failed)(failed) -->
