<?xml version="1.0" encoding="UTF-8"?>
<!-- Generated by org.testng.reporters.JUnitXMLReporter -->
<testsuite ignored="4" hostname="LAPTOP-SQBD1KF4" failures="0" tests="1" name="Default test(failed)(failed)(failed)" time="3.347" errors="0" timestamp="2023-01-05T11:59:44 IST">
  <testcase classname="TestCases.FailedTest" name="test3" time="0.025"/>
  <testcase classname="TestCases.FailedTest" name="test2" time="0.0">
    <ignored/>
  </testcase> <!-- test2 -->
  <testcase classname="TestCases.FailedTest" name="test4" time="0.0">
    <ignored/>
  </testcase> <!-- test4 -->
  <testcase classname="TestCases.FailedTest" name="test1" time="0.0">
    <ignored/>
  </testcase> <!-- test1 -->
  <testcase classname="TestCases.FailedTest" name="test5" time="0.0">
    <ignored/>
  </testcase> <!-- test5 -->
</testsuite> <!-- Default test(failed)(failed)(failed) -->
