<?xml version="1.0" encoding="UTF-8"?>
<testng-results ignored="0" total="3" passed="3" failed="0" skipped="0">
  <reporter-output>
  </reporter-output>
  <suite started-at="2023-01-14T11:32:48 IST" name="Suite" finished-at="2023-01-14T11:33:04 IST" duration-ms="16691">
    <groups>
    </groups>
    <test started-at="2023-01-14T11:32:48 IST" name="Test" finished-at="2023-01-14T11:33:04 IST" duration-ms="16691">
      <class name="TestCases.ParallelTest">
        <test-method signature="test3()[pri:0, instance:TestCases.ParallelTest@2bfc268b]" started-at="2023-01-14T11:32:48 IST" name="test3" finished-at="2023-01-14T11:33:00 IST" duration-ms="12113" status="PASS">
          <reporter-output>
          </reporter-output>
        </test-method> <!-- test3 -->
        <test-method signature="test()[pri:0, instance:TestCases.ParallelTest@2bfc268b]" started-at="2023-01-14T11:32:48 IST" name="test" finished-at="2023-01-14T11:33:04 IST" duration-ms="16659" status="PASS">
          <reporter-output>
          </reporter-output>
        </test-method> <!-- test -->
        <test-method signature="test2()[pri:0, instance:TestCases.ParallelTest@2bfc268b]" started-at="2023-01-14T11:32:48 IST" name="test2" finished-at="2023-01-14T11:33:00 IST" duration-ms="11936" status="PASS">
          <reporter-output>
          </reporter-output>
        </test-method> <!-- test2 -->
      </class> <!-- TestCases.ParallelTest -->
    </test> <!-- Test -->
  </suite> <!-- Suite -->
</testng-results>
